{"level":"error","ts":"2025-06-23T18:24:43.890Z","caller":"database/database.go:49","msg":"Failed to ping database","error":"dial tcp [::1]:5432: connect: connection refused"}
{"level":"fatal","ts":"2025-06-23T18:24:43.890Z","caller":"apps/server.go:71","msg":"Failed to connect to database","error":"failed to ping database: dial tcp [::1]:5432: connect: connection refused"}
{"level":"error","ts":"2025-06-23T18:37:38.043Z","caller":"database/database.go:49","msg":"Failed to ping database","error":"dial tcp [::1]:5432: connect: connection refused"}
{"level":"fatal","ts":"2025-06-23T18:37:38.043Z","caller":"apps/server.go:71","msg":"Failed to connect to database","error":"failed to ping database: dial tcp [::1]:5432: connect: connection refused"}
{"level":"error","ts":"2025-06-23T19:09:24.822Z","caller":"database/database.go:49","msg":"Failed to ping database","error":"dial tcp [::1]:5432: connect: connection refused"}
{"level":"fatal","ts":"2025-06-23T19:09:24.822Z","caller":"apps/server.go:71","msg":"Failed to connect to database","error":"failed to ping database: dial tcp [::1]:5432: connect: connection refused"}
{"level":"debug","ts":"2025-06-23T21:54:38.045Z","caller":"database/database.go:71","msg":"Database connection established successfully with connection pool settings","DB_DRIVER":"postgres","MaxOpenConns":50,"MaxIdleConns":10,"ConnMaxLifetime":"30m0s"}
{"level":"info","ts":"2025-06-23T21:54:38.125Z","caller":"apps/server.go:178","msg":"Server running on port 50056"}
{"level":"info","ts":"2025-06-23T21:54:38.126Z","caller":"apps/server.go:193","msg":"gRPC server listening on :50056"}
{"level":"info","ts":"2025-06-23T21:54:38.126Z","caller":"apps/server.go:185","msg":"Metrics server listening on :50056"}
{"level":"debug","ts":"2025-06-23T22:45:20.732Z","caller":"database/database.go:71","msg":"Database connection established successfully with connection pool settings","DB_DRIVER":"postgres","MaxOpenConns":50,"MaxIdleConns":10,"ConnMaxLifetime":"30m0s"}
{"level":"info","ts":"2025-06-23T22:45:20.745Z","caller":"apps/server.go:178","msg":"Server running on port 50056"}
{"level":"info","ts":"2025-06-23T22:45:20.745Z","caller":"apps/server.go:193","msg":"gRPC server listening on :50056"}
{"level":"info","ts":"2025-06-23T22:45:20.745Z","caller":"apps/server.go:185","msg":"Metrics server listening on :50056"}
{"level":"debug","ts":"2025-06-23T23:43:52.511Z","caller":"database/database.go:71","msg":"Database connection established successfully with connection pool settings","DB_DRIVER":"postgres","MaxOpenConns":50,"MaxIdleConns":10,"ConnMaxLifetime":"30m0s"}
{"level":"info","ts":"2025-06-23T23:43:52.517Z","caller":"apps/server.go:178","msg":"Server running on port 50056"}
{"level":"info","ts":"2025-06-23T23:43:52.518Z","caller":"apps/server.go:193","msg":"gRPC server listening on :50056"}
{"level":"info","ts":"2025-06-23T23:43:52.518Z","caller":"apps/server.go:185","msg":"Metrics server listening on :50056"}
{"level":"debug","ts":"2025-06-23T23:49:38.899Z","caller":"database/database.go:71","msg":"Database connection established successfully with connection pool settings","DB_DRIVER":"postgres","MaxOpenConns":50,"MaxIdleConns":10,"ConnMaxLifetime":"30m0s"}
{"level":"info","ts":"2025-06-23T23:49:38.910Z","caller":"apps/server.go:178","msg":"Server running on port 50056"}
{"level":"info","ts":"2025-06-23T23:49:38.910Z","caller":"apps/server.go:193","msg":"gRPC server listening on :50056"}
{"level":"info","ts":"2025-06-23T23:49:38.910Z","caller":"apps/server.go:185","msg":"Metrics server listening on :50056"}
{"level":"debug","ts":"2025-06-23T23:58:39.902Z","caller":"database/database.go:71","msg":"Database connection established successfully with connection pool settings","DB_DRIVER":"postgres","MaxOpenConns":50,"MaxIdleConns":10,"ConnMaxLifetime":"30m0s"}
{"level":"info","ts":"2025-06-23T23:58:39.909Z","caller":"apps/server.go:178","msg":"Server running on port 50056"}
{"level":"info","ts":"2025-06-23T23:58:39.909Z","caller":"apps/server.go:193","msg":"gRPC server listening on :50056"}
{"level":"info","ts":"2025-06-23T23:58:39.909Z","caller":"apps/server.go:185","msg":"Metrics server listening on :50056"}
{"level":"debug","ts":"2025-06-24T00:08:57.786Z","caller":"database/database.go:71","msg":"Database connection established successfully with connection pool settings","DB_DRIVER":"postgres","MaxOpenConns":50,"MaxIdleConns":10,"ConnMaxLifetime":"30m0s"}
{"level":"info","ts":"2025-06-24T00:08:57.800Z","caller":"apps/server.go:178","msg":"Server running on port 50056"}
{"level":"info","ts":"2025-06-24T00:08:57.800Z","caller":"apps/server.go:193","msg":"gRPC server listening on :50056"}
{"level":"info","ts":"2025-06-24T00:08:57.800Z","caller":"apps/server.go:185","msg":"Metrics server listening on :50056"}
{"level":"debug","ts":"2025-06-24T00:20:35.395Z","caller":"database/database.go:71","msg":"Database connection established successfully with connection pool settings","DB_DRIVER":"postgres","MaxOpenConns":50,"MaxIdleConns":10,"ConnMaxLifetime":"30m0s"}
{"level":"info","ts":"2025-06-24T00:20:35.405Z","caller":"apps/server.go:178","msg":"Server running on port 50056"}
{"level":"info","ts":"2025-06-24T00:20:35.405Z","caller":"apps/server.go:193","msg":"gRPC server listening on :50056"}
{"level":"info","ts":"2025-06-24T00:20:35.405Z","caller":"apps/server.go:185","msg":"Metrics server listening on :50056"}
{"level":"debug","ts":"2025-06-24T00:36:40.388Z","caller":"database/database.go:71","msg":"Database connection established successfully with connection pool settings","DB_DRIVER":"postgres","MaxOpenConns":50,"MaxIdleConns":10,"ConnMaxLifetime":"30m0s"}
{"level":"info","ts":"2025-06-24T00:36:40.403Z","caller":"apps/server.go:178","msg":"Server running on port 50056"}
{"level":"info","ts":"2025-06-24T00:36:40.404Z","caller":"apps/server.go:193","msg":"gRPC server listening on :50056"}
{"level":"info","ts":"2025-06-24T00:36:40.404Z","caller":"apps/server.go:185","msg":"Metrics server listening on :50056"}
